<?xml version="1.0" encoding="UTF-8"?>
<!--File generated by bugsim on 18/36/07-->
<experimentPlan name="testPlan" trialName="testTrial" fileId="exp-plan-expX-TrX">
    <template name="expX-trX" description="Test Template">Used For Unit Testing</template>
    <description>Special Trial for Junit test</description>
    <parameterMap>
        <categories>
            <category name="landscape">
                <parameter name="extent" containsStrategy="true">
                    <strategy name="distanced">
                        <implementingClass>com.ixcode.framework.simulation.experiment.parameter.boundary.extent.DistancedExtentStrategy</implementingClass>
                        <strategyParameters>
                            <parameter name="outerBoundary" containsStrategy="true">
                                <strategy name="rectangular">
                                    <implementingClass>
                                        com.ixcode.framework.simulation.model.landscape.boundary.RectangularBoundary</implementingClass>
                                    <strategyParameters>
                                        <parameter name="bounds" value="x=0.0 : y=0.0 : w=220.0 : h=220.0"
                                                   type="com.ixcode.framework.math.geometry.CartesianBounds">
                                        </parameter>
                                    </strategyParameters>
                                </strategy>
                            </parameter>
                        </strategyParameters>
                    </strategy>
                </parameter>
            </category>
        </categories>
    </parameterMap>
</experimentPlan>
