<?xml version="1.0" encoding="UTF-8"?>
<!--File generated by bugsim on 09/03/07-->
<experimentPlan name="expX"  trialName="TrX"  fileId="exp-plan-expX-TrX">
    <template name="expX-trX"  description="Test Arena">Used to test agents in.</template>
    <description>Special Trial for trying out parameter editor</description>
    <parameterMap>
        <categories>
                <category name="simulation">
                    <parameter name="maxNumberOfButterflies"  value="100000"  type="java.lang.Long" />
                    <parameter name="populationSize"  value="1"  type="java.lang.Long" />
                    <parameter name="maxNumberOfEggs"  value="613"  type="java.lang.Long" />
                    <parameter name="numberOfReplicates"  value="10"  type="java.lang.Long" />
                    <parameter name="archiveRemovedAgents"  value="false"  type="java.lang.Boolean" />
                    <parameter name="includeEscapedAgentsInHistory"  value="true"  type="java.lang.Boolean" />
                    <parameter name="recordBoundaryCrossings"  value="false"  type="java.lang.Boolean" />
                </category>
                <category name="environment">
                    <subCategories>
                            <category name="landscape">
                                <parameter name="scale"  value="distance=1.0 : units=cm"  type="com.ixcode.framework.math.scale.ScaledDistance" />
                                <parameter name="extent"  containsStrategy="true">
                                    <strategy name="distancedExtentStrategy">
                                        <implementingClass>com.ixcode.framework.simulation.experiment.parameter.boundary.extent.DistancedExtentStrategy</implementingClass>
                                        <strategyParameters>
                                            <parameter name="outerBoundary"  containsStrategy="true">
                                                <strategy name="rectangularBoundaryStrategy">
                                                    <implementingClass>com.ixcode.framework.simulation.model.landscape.boundary.RectangularBoundary</implementingClass>
                                                    <strategyParameters>
                                                        <parameter name="location"  value="x:0.0 y:0.0"  type="com.ixcode.framework.math.geometry.RectangularCoordinate" />
                                                        <parameter name="locationType"  value="bottomLeft"  type="com.ixcode.framework.math.geometry.ShapeLocationType" />
                                                        <derivedParameter name="dimensions"  derived="true"  value="w=4200.0 : h=4200.0"  type="com.ixcode.framework.math.geometry.CartesianDimensions">
                                                            <calculation className="com.ixcode.framework.simulation.experiment.parameter.boundary.extent.RectangularDistancedDimensionsCalculator" />
                                                            <sourceParameters>
                                                                <parameterReference name="#REF:innerBoundary#"  fullyQualifiedName="environment.landscape.extent.*.innerBoundary" />
                                                                <parameterReference name="#REF:distance#"  fullyQualifiedName="environment.landscape.extent.*.distance" />
                                                            </sourceParameters>
                                                        </derivedParameter>
                                                        <derivedParameter name="bounds"  derived="true"  value="x=0.0 : y=0.0 : w=4200.0 : h=4200.0"  type="com.ixcode.framework.math.geometry.CartesianBounds">
                                                            <calculation className="com.ixcode.framework.simulation.experiment.parameter.boundary.strategy.RectangularBoundaryBoundsCalculation" />
                                                            <sourceParameters>
                                                                <parameterReference name="#REF:rectangularBoundaryStrategy#"  fullyQualifiedName="environment.landscape.extent.*.outerBoundary.*" />
                                                            </sourceParameters>
                                                        </derivedParameter>
                                                    </strategyParameters>
                                                </strategy>
                                            </parameter>
                                            <derivedParameter name="innerBoundary"  derived="true"  containsStrategy="true">
                                                <calculation className="com.ixcode.framework.parameter.model.DerivedStrategyCalculation" />
                                                <sourceParameters>
                                                    <parameterReference name="#REF:layoutBoundary#"  fullyQualifiedName="environment.resource.resourceLayout.*.layoutBoundary" />
                                                </sourceParameters>
                                            </derivedParameter>
                                            <parameter name="distance"  value="300.0"  type="java.lang.Double" />
                                        </strategyParameters>
                                    </strategy>
                                </parameter>
                            </category>
                            <category name="resource">
                                <parameter name="agentClass"  value="com.ixcode.bugsim.model.agent.cabbage.CabbageAgent"  type="java.lang.String" />
                                <parameter name="resourceLayout"  containsStrategy="true">
                                    <strategy name="predefinedLayout">
                                        <implementingClass>com.ixcode.bugsim.model.agent.cabbage.layout.PredefinedResourceLayout</implementingClass>
                                        <strategyParameters>
                                            <parameter name="boundaryDistance"  value="0"  type="java.lang.Integer" />
                                            <parameter name="resources">
                                                <valueCollection type="java.util.ArrayList"  size="61"  firstItemType="com.ixcode.bugsim.model.experiment.parameter.resource.layout.CabbageInitialisationParameters">
                                                    <item value="id=181 : radius=10.0 : x=3400.0 : y=200.0"  type="com.ixcode.bugsim.model.experiment.parameter.resource.layout.CabbageInitialisationParameters" />
                                                    <item value="id=182 : radius=10.0 : x=737.5 : y=262.5"  type="com.ixcode.bugsim.model.experiment.parameter.resource.layout.CabbageInitialisationParameters" />
                                                    <item value="id=183 : radius=10.0 : x=712.5 : y=262.5"  type="com.ixcode.bugsim.model.experiment.parameter.resource.layout.CabbageInitialisationParameters" />
                                                    <item value="id=184 : radius=10.0 : x=737.5 : y=287.5"  type="com.ixcode.bugsim.model.experiment.parameter.resource.layout.CabbageInitialisationParameters" />
                                                    <item value="id=185 : radius=10.0 : x=712.5 : y=287.5"  type="com.ixcode.bugsim.model.experiment.parameter.resource.layout.CabbageInitialisationParameters" />
                                                    <item value="id=186 : radius=10.0 : x=575.0 : y=275.0"  type="com.ixcode.bugsim.model.experiment.parameter.resource.layout.CabbageInitialisationParameters" />
                                                    <item value="id=187 : radius=10.0 : x=437.5 : y=262.5"  type="com.ixcode.bugsim.model.experiment.parameter.resource.layout.CabbageInitialisationParameters" />
                                                    <item value="id=188 : radius=10.0 : x=412.5 : y=262.5"  type="com.ixcode.bugsim.model.experiment.parameter.resource.layout.CabbageInitialisationParameters" />
                                                    <item value="id=189 : radius=10.0 : x=437.5 : y=287.5"  type="com.ixcode.bugsim.model.experiment.parameter.resource.layout.CabbageInitialisationParameters" />
                                                    <item value="id=190 : radius=10.0 : x=412.5 : y=287.5"  type="com.ixcode.bugsim.model.experiment.parameter.resource.layout.CabbageInitialisationParameters" />
                                                    <item value="id=191 : radius=10.0 : x=275.0 : y=275.0"  type="com.ixcode.bugsim.model.experiment.parameter.resource.layout.CabbageInitialisationParameters" />
                                                    <item value="id=192 : radius=10.0 : x=725.0 : y=425.0"  type="com.ixcode.bugsim.model.experiment.parameter.resource.layout.CabbageInitialisationParameters" />
                                                    <item value="id=193 : radius=10.0 : x=575.0 : y=425.0"  type="com.ixcode.bugsim.model.experiment.parameter.resource.layout.CabbageInitialisationParameters" />
                                                    <item value="id=194 : radius=10.0 : x=425.0 : y=425.0"  type="com.ixcode.bugsim.model.experiment.parameter.resource.layout.CabbageInitialisationParameters" />
                                                    <item value="id=195 : radius=10.0 : x=275.0 : y=425.0"  type="com.ixcode.bugsim.model.experiment.parameter.resource.layout.CabbageInitialisationParameters" />
                                                    <item value="id=196 : radius=10.0 : x=725.0 : y=575.0"  type="com.ixcode.bugsim.model.experiment.parameter.resource.layout.CabbageInitialisationParameters" />
                                                    <item value="id=197 : radius=10.0 : x=612.5 : y=537.5"  type="com.ixcode.bugsim.model.experiment.parameter.resource.layout.CabbageInitialisationParameters" />
                                                    <item value="id=198 : radius=10.0 : x=587.5 : y=537.5"  type="com.ixcode.bugsim.model.experiment.parameter.resource.layout.CabbageInitialisationParameters" />
                                                    <item value="id=199 : radius=10.0 : x=562.5 : y=537.5"  type="com.ixcode.bugsim.model.experiment.parameter.resource.layout.CabbageInitialisationParameters" />
                                                    <item value="id=200 : radius=10.0 : x=537.5 : y=537.5"  type="com.ixcode.bugsim.model.experiment.parameter.resource.layout.CabbageInitialisationParameters" />
                                                    <item value="id=201 : radius=10.0 : x=612.5 : y=562.5"  type="com.ixcode.bugsim.model.experiment.parameter.resource.layout.CabbageInitialisationParameters" />
                                                    <item value="id=202 : radius=10.0 : x=587.5 : y=562.5"  type="com.ixcode.bugsim.model.experiment.parameter.resource.layout.CabbageInitialisationParameters" />
                                                    <item value="id=203 : radius=10.0 : x=562.5 : y=562.5"  type="com.ixcode.bugsim.model.experiment.parameter.resource.layout.CabbageInitialisationParameters" />
                                                    <item value="id=204 : radius=10.0 : x=537.5 : y=562.5"  type="com.ixcode.bugsim.model.experiment.parameter.resource.layout.CabbageInitialisationParameters" />
                                                    <item value="id=205 : radius=10.0 : x=612.5 : y=587.5"  type="com.ixcode.bugsim.model.experiment.parameter.resource.layout.CabbageInitialisationParameters" />
                                                    <item value="id=206 : radius=10.0 : x=587.5 : y=587.5"  type="com.ixcode.bugsim.model.experiment.parameter.resource.layout.CabbageInitialisationParameters" />
                                                    <item value="id=207 : radius=10.0 : x=562.5 : y=587.5"  type="com.ixcode.bugsim.model.experiment.parameter.resource.layout.CabbageInitialisationParameters" />
                                                    <item value="id=208 : radius=10.0 : x=537.5 : y=587.5"  type="com.ixcode.bugsim.model.experiment.parameter.resource.layout.CabbageInitialisationParameters" />
                                                    <item value="id=209 : radius=10.0 : x=612.5 : y=612.5"  type="com.ixcode.bugsim.model.experiment.parameter.resource.layout.CabbageInitialisationParameters" />
                                                    <item value="id=210 : radius=10.0 : x=587.5 : y=612.5"  type="com.ixcode.bugsim.model.experiment.parameter.resource.layout.CabbageInitialisationParameters" />
                                                    <item value="id=211 : radius=10.0 : x=562.5 : y=612.5"  type="com.ixcode.bugsim.model.experiment.parameter.resource.layout.CabbageInitialisationParameters" />
                                                    <item value="id=212 : radius=10.0 : x=537.5 : y=612.5"  type="com.ixcode.bugsim.model.experiment.parameter.resource.layout.CabbageInitialisationParameters" />
                                                    <item value="id=213 : radius=10.0 : x=425.0 : y=575.0"  type="com.ixcode.bugsim.model.experiment.parameter.resource.layout.CabbageInitialisationParameters" />
                                                    <item value="id=214 : radius=10.0 : x=275.0 : y=575.0"  type="com.ixcode.bugsim.model.experiment.parameter.resource.layout.CabbageInitialisationParameters" />
                                                    <item value="id=215 : radius=10.0 : x=725.0 : y=725.0"  type="com.ixcode.bugsim.model.experiment.parameter.resource.layout.CabbageInitialisationParameters" />
                                                    <item value="id=216 : radius=10.0 : x=575.0 : y=725.0"  type="com.ixcode.bugsim.model.experiment.parameter.resource.layout.CabbageInitialisationParameters" />
                                                    <item value="id=217 : radius=10.0 : x=425.0 : y=725.0"  type="com.ixcode.bugsim.model.experiment.parameter.resource.layout.CabbageInitialisationParameters" />
                                                    <item value="id=218 : radius=10.0 : x=287.5 : y=712.5"  type="com.ixcode.bugsim.model.experiment.parameter.resource.layout.CabbageInitialisationParameters" />
                                                    <item value="id=219 : radius=10.0 : x=262.5 : y=712.5"  type="com.ixcode.bugsim.model.experiment.parameter.resource.layout.CabbageInitialisationParameters" />
                                                    <item value="id=220 : radius=10.0 : x=287.5 : y=737.5"  type="com.ixcode.bugsim.model.experiment.parameter.resource.layout.CabbageInitialisationParameters" />
                                                    <item value="id=221 : radius=10.0 : x=262.5 : y=737.5"  type="com.ixcode.bugsim.model.experiment.parameter.resource.layout.CabbageInitialisationParameters" />
                                                    <item value="id=222 : radius=10.0 : x=3400.0 : y=3200.0"  type="com.ixcode.bugsim.model.experiment.parameter.resource.layout.CabbageInitialisationParameters" />
                                                    <item value="id=223 : radius=10.0 : x=3200.0 : y=3200.0"  type="com.ixcode.bugsim.model.experiment.parameter.resource.layout.CabbageInitialisationParameters" />
                                                    <item value="id=224 : radius=10.0 : x=3400.0 : y=3400.0"  type="com.ixcode.bugsim.model.experiment.parameter.resource.layout.CabbageInitialisationParameters" />
                                                    <item value="id=225 : radius=10.0 : x=3200.0 : y=3400.0"  type="com.ixcode.bugsim.model.experiment.parameter.resource.layout.CabbageInitialisationParameters" />
                                                    <item value="id=226 : radius=10.0 : x=725.0 : y=2875.0"  type="com.ixcode.bugsim.model.experiment.parameter.resource.layout.CabbageInitialisationParameters" />
                                                    <item value="id=227 : radius=10.0 : x=575.0 : y=2875.0"  type="com.ixcode.bugsim.model.experiment.parameter.resource.layout.CabbageInitialisationParameters" />
                                                    <item value="id=228 : radius=10.0 : x=425.0 : y=2875.0"  type="com.ixcode.bugsim.model.experiment.parameter.resource.layout.CabbageInitialisationParameters" />
                                                    <item value="id=229 : radius=10.0 : x=275.0 : y=2875.0"  type="com.ixcode.bugsim.model.experiment.parameter.resource.layout.CabbageInitialisationParameters" />
                                                    <item value="id=230 : radius=10.0 : x=725.0 : y=3025.0"  type="com.ixcode.bugsim.model.experiment.parameter.resource.layout.CabbageInitialisationParameters" />
                                                    <item value="id=231 : radius=10.0 : x=575.0 : y=3025.0"  type="com.ixcode.bugsim.model.experiment.parameter.resource.layout.CabbageInitialisationParameters" />
                                                    <item value="id=232 : radius=10.0 : x=425.0 : y=3025.0"  type="com.ixcode.bugsim.model.experiment.parameter.resource.layout.CabbageInitialisationParameters" />
                                                    <item value="id=233 : radius=10.0 : x=275.0 : y=3025.0"  type="com.ixcode.bugsim.model.experiment.parameter.resource.layout.CabbageInitialisationParameters" />
                                                    <item value="id=234 : radius=10.0 : x=725.0 : y=3175.0"  type="com.ixcode.bugsim.model.experiment.parameter.resource.layout.CabbageInitialisationParameters" />
                                                    <item value="id=235 : radius=10.0 : x=575.0 : y=3175.0"  type="com.ixcode.bugsim.model.experiment.parameter.resource.layout.CabbageInitialisationParameters" />
                                                    <item value="id=236 : radius=10.0 : x=425.0 : y=3175.0"  type="com.ixcode.bugsim.model.experiment.parameter.resource.layout.CabbageInitialisationParameters" />
                                                    <item value="id=237 : radius=10.0 : x=275.0 : y=3175.0"  type="com.ixcode.bugsim.model.experiment.parameter.resource.layout.CabbageInitialisationParameters" />
                                                    <item value="id=238 : radius=10.0 : x=725.0 : y=3325.0"  type="com.ixcode.bugsim.model.experiment.parameter.resource.layout.CabbageInitialisationParameters" />
                                                    <item value="id=239 : radius=10.0 : x=575.0 : y=3325.0"  type="com.ixcode.bugsim.model.experiment.parameter.resource.layout.CabbageInitialisationParameters" />
                                                    <item value="id=240 : radius=10.0 : x=425.0 : y=3325.0"  type="com.ixcode.bugsim.model.experiment.parameter.resource.layout.CabbageInitialisationParameters" />
                                                    <item value="id=241 : radius=10.0 : x=275.0 : y=3325.0"  type="com.ixcode.bugsim.model.experiment.parameter.resource.layout.CabbageInitialisationParameters" />
                                                </valueCollection>
                                            </parameter>
                                            <parameter name="layoutBoundary"  containsStrategy="true">
                                                <strategy name="rectangularBoundaryStrategy">
                                                    <implementingClass>com.ixcode.framework.simulation.model.landscape.boundary.RectangularBoundary</implementingClass>
                                                    <strategyParameters>
                                                        <derivedParameter name="location"  derived="true"  value="x:300.0 y:300.0"  type="com.ixcode.framework.math.geometry.RectangularCoordinate">
                                                            <calculation className="com.ixcode.framework.simulation.experiment.parameter.boundary.strategy.CentredLocationDerivedCalculation" />
                                                            <sourceParameters>
                                                                <parameterReference name="#REF:outerBoundary#"  fullyQualifiedName="environment.landscape.extent.*.outerBoundary" />
                                                                <parameterReference name="#REF:layoutBoundary#"  fullyQualifiedName="environment.resource.resourceLayout.*.layoutBoundary" />
                                                            </sourceParameters>
                                                        </derivedParameter>
                                                        <parameter name="locationType"  value="bottomLeft"  type="com.ixcode.framework.math.geometry.ShapeLocationType" />
                                                        <parameter name="dimensions"  value="w=3600.0 : h=3600.0"  type="com.ixcode.framework.math.geometry.CartesianDimensions" />
                                                        <derivedParameter name="bounds"  derived="true"  value="x=300.0 : y=300.0 : w=3600.0 : h=3600.0"  type="com.ixcode.framework.math.geometry.CartesianBounds">
                                                            <calculation className="com.ixcode.framework.simulation.experiment.parameter.boundary.strategy.RectangularBoundaryBoundsCalculation" />
                                                            <sourceParameters>
                                                                <parameterReference name="#REF:rectangularBoundaryStrategy#"  fullyQualifiedName="environment.resource.resourceLayout.*.layoutBoundary.*" />
                                                            </sourceParameters>
                                                        </derivedParameter>
                                                    </strategyParameters>
                                                </strategy>
                                            </parameter>
                                        </strategyParameters>
                                    </strategy>
                                </parameter>
                                <parameter name="resourceSignal"  containsStrategy="true">
                                    <strategy name="multipleSurface">
                                        <implementingClass>com.ixcode.bugsim.model.agent.cabbage.signal.MultipleSurfaceSignalFactory</implementingClass>
                                        <strategyParameters>
                                            <parameter name="signalSurfaces">
                                                <parameterList>
                                                    <strategy name="functionalSignalSurface">
                                                        <implementingClass>com.ixcode.bugsim.model.agent.cabbage.signal.FunctionalSignalSurfaceFactory</implementingClass>
                                                        <strategyParameters>
                                                            <parameter name="includeSurvey"  value="true"  type="java.lang.Boolean" />
                                                            <parameter name="surfaceName"  value="defaultSignalSurface"  type="java.lang.String" />
                                                            <parameter name="signalFunction"  containsStrategy="true">
                                                                <strategy name="gaussianSignalFunction">
                                                                    <implementingClass>com.ixcode.framework.simulation.model.landscape.information.function.GaussianDistributionFunction</implementingClass>
                                                                    <strategyParameters>
                                                                        <parameter name="standardDeviation"  value="1.0E7"  type="java.lang.Double" />
                                                                        <parameter name="magnification"  value="100000.0"  type="java.lang.Double" />
                                                                    </strategyParameters>
                                                                </strategy>
                                                            </parameter>
                                                        </strategyParameters>
                                                    </strategy>
                                                </parameterList>
                                            </parameter>
                                        </strategyParameters>
                                    </strategy>
                                </parameter>
                            </category>
                    </subCategories>
                </category>
                <category name="forager">
                    <parameter name="recordLifeHistory"  value="false"  type="java.lang.Boolean" />
                    <subCategories>
                            <category name="behaviour">
                                <parameter name="foraging"  containsStrategy="true">
                                    <strategy name="eggLaying">
                                        <implementingClass>com.ixcode.bugsim.model.agent.butterfly.EggLayingForagingStrategy</implementingClass>
                                        <strategyParameters>
                                            <parameter name="numberOfEggs"  value="1"  type="java.lang.Long" />
                                            <parameter name="landOnResource"  value="false"  type="java.lang.Boolean" />
                                        </strategyParameters>
                                    </strategy>
                                </parameter>
                                <parameter name="movement"  containsStrategy="true">
                                    <strategy name="sensoryRandomWalk">
                                        <implementingClass>com.ixcode.framework.simulation.model.agent.motile.movement.sensory.SensoryRandomWalkStrategy</implementingClass>
                                        <strategyParameters>
                                            <parameter name="azimuthGenerator"  containsStrategy="true">
                                                <strategy name="vonMises">
                                                    <implementingClass>com.ixcode.framework.simulation.model.agent.motile.movement.VonMisesAzimuthGenerator</implementingClass>
                                                    <strategyParameters>
                                                        <parameter name="angleOfTurnK"  value="6.0"  type="java.lang.Double" />
                                                        <parameter name="resolutionN"  value="360.0"  type="java.lang.Double" />
                                                    </strategyParameters>
                                                </strategy>
                                            </parameter>
                                            <parameter name="moveLengthGenerator"  containsStrategy="true">
                                                <strategy name="fixedMoveLength">
                                                    <implementingClass>com.ixcode.framework.simulation.model.agent.motile.movement.FixedMoveLengthGenerator</implementingClass>
                                                    <strategyParameters>
                                                        <parameter name="moveLength"  value="5.0"  type="java.lang.Double" />
                                                    </strategyParameters>
                                                </strategy>
                                            </parameter>
                                            <parameter name="refactoryPeriod"  value="0"  type="java.lang.Integer" />
                                        </strategyParameters>
                                    </strategy>
                                </parameter>
                                <parameter name="motivation">
                                    <valueCollection type="java.util.ArrayList"  size="0">
                                    </valueCollection>
                                </parameter>
                            </category>
                            <category name="sensor">
                                <parameter name="visual"  containsStrategy="true">
                                    <strategy name="fieldOfViewVision">
                                        <implementingClass>com.ixcode.bugsim.model.agent.butterfly.FieldOfViewVisualStrategy</implementingClass>
                                        <strategyParameters>
                                            <parameter name="fieldDepth"  value="100.0"  type="java.lang.Double" />
                                            <parameter name="fieldWidth"  value="100.0"  type="java.lang.Double" />
                                            <parameter name="signalThreshold"  value="0.0"  type="java.lang.Double" />
                                            <parameter name="luminosityGamma"  value="0.05"  type="java.lang.Double" />
                                        </strategyParameters>
                                    </strategy>
                                </parameter>
                                <parameter name="olfactory"  containsStrategy="true">
                                    <strategy name="signalSensorOlfaction">
                                        <implementingClass>com.ixcode.bugsim.model.agent.butterfly.SignalSensorOlfactoryStrategy</implementingClass>
                                        <strategyParameters>
                                            <parameter name="sensors">
                                                <parameterList>
                                                    <strategy name="signalSensor">
                                                        <implementingClass>com.ixcode.framework.simulation.model.agent.motile.movement.sensory.SignalSensor</implementingClass>
                                                        <strategyParameters>
                                                            <parameter name="signalSurfaceName"  value="cabbageInformation"  type="java.lang.String" />
                                                            <parameter name="distanceFromAgent"  value="5.0"  type="java.lang.Double" />
                                                            <parameter name="headingFromAgent"  value="320.0"  type="java.lang.Double" />
                                                            <parameter name="minSensitivity"  value="4.9E-324"  type="java.lang.Double" />
                                                            <parameter name="maxSensitivity"  value="1.7976931348623157E308"  type="java.lang.Double" />
                                                        </strategyParameters>
                                                    </strategy>
                                                    <strategy name="signalSensor">
                                                        <implementingClass>com.ixcode.framework.simulation.model.agent.motile.movement.sensory.SignalSensor</implementingClass>
                                                        <strategyParameters>
                                                            <parameter name="signalSurfaceName"  value="cabbageInformation"  type="java.lang.String" />
                                                            <parameter name="distanceFromAgent"  value="5.0"  type="java.lang.Double" />
                                                            <parameter name="headingFromAgent"  value="40.0"  type="java.lang.Double" />
                                                            <parameter name="minSensitivity"  value="4.9E-324"  type="java.lang.Double" />
                                                            <parameter name="maxSensitivity"  value="1.7976931348623157E308"  type="java.lang.Double" />
                                                        </strategyParameters>
                                                    </strategy>
                                                </parameterList>
                                            </parameter>
                                        </strategyParameters>
                                    </strategy>
                                </parameter>
                            </category>
                            <category name="lifecycle">
                                <parameter name="immediateReRelease"  value="false"  type="java.lang.Boolean" />
                                <parameter name="release"  containsStrategy="true">
                                    <strategy name="randomBoundary">
                                        <implementingClass>com.ixcode.framework.simulation.model.agent.motile.release.ReleaseRandomAroundBorderStrategy</implementingClass>
                                        <strategyParameters>
                                            <parameter name="distance"  value="300.0"  type="java.lang.Double" />
                                            <parameter name="boundary"  containsStrategy="true">
                                                <strategy name="circularBoundaryStrategy">
                                                    <implementingClass>com.ixcode.framework.simulation.model.landscape.boundary.CircularBoundary</implementingClass>
                                                    <strategyParameters>
                                                        <derivedParameter name="bounds"  derived="true"  value="x=0.0 : y=0.0 : w=4200.0 : h=4200.0"  type="com.ixcode.framework.math.geometry.CartesianBounds">
                                                            <calculation className="com.ixcode.framework.simulation.experiment.parameter.boundary.strategy.CircularBoundaryBoundsCalculation" />
                                                            <sourceParameters>
                                                                <parameterReference name="#REF:location#"  fullyQualifiedName="forager.lifecycle.release.*.boundary.*.location" />
                                                                <parameterReference name="#REF:locationType#"  fullyQualifiedName="forager.lifecycle.release.*.boundary.*.locationType" />
                                                                <parameterReference name="#REF:radius#"  fullyQualifiedName="forager.lifecycle.release.*.boundary.*.radius" />
                                                            </sourceParameters>
                                                        </derivedParameter>
                                                        <derivedParameter name="location"  derived="true"  value="x:2100.0 y:2100.0"  type="com.ixcode.framework.math.geometry.RectangularCoordinate">
                                                            <calculation className="com.ixcode.framework.simulation.experiment.parameter.boundary.strategy.CentredLocationDerivedCalculation" />
                                                            <sourceParameters>
                                                                <parameterReference name="#REF:outerBoundary#"  fullyQualifiedName="environment.landscape.extent.*.outerBoundary" />
                                                                <parameterReference name="#REF:boundary#"  fullyQualifiedName="forager.lifecycle.release.*.boundary" />
                                                            </sourceParameters>
                                                        </derivedParameter>
                                                        <parameter name="locationType"  value="centre"  type="com.ixcode.framework.math.geometry.ShapeLocationType" />
                                                        <derivedParameter name="radius"  derived="true"  value="2100.0"  type="java.lang.Double">
                                                            <calculation className="com.ixcode.framework.simulation.experiment.parameter.boundary.extent.CircularDistancedRadiusCalculator" />
                                                            <sourceParameters>
                                                                <parameterReference name="#REF:layoutBoundary#"  fullyQualifiedName="environment.resource.resourceLayout.*.layoutBoundary" />
                                                                <parameterReference name="#REF:distance#"  fullyQualifiedName="forager.lifecycle.release.*.distance" />
                                                            </sourceParameters>
                                                        </derivedParameter>
                                                    </strategyParameters>
                                                </strategy>
                                            </parameter>
                                        </strategyParameters>
                                    </strategy>
                                </parameter>
                                <parameter name="mortality"  containsStrategy="true">
                                    <strategy name="limitedAge">
                                        <implementingClass>com.ixcode.bugsim.model.agent.butterfly.LimitedAgeAndEggsMortalityStrategy</implementingClass>
                                        <strategyParameters>
                                            <parameter name="maxAge"  value="1000"  type="java.lang.Long" />
                                        </strategyParameters>
                                    </strategy>
                                </parameter>
                            </category>
                    </subCategories>
                </category>
        </categories>
    </parameterMap>
    <parameterManipulations>
        <manipulationSequence>
            <parameterManipulation name="angleOfTurnK"  valueToSet="6.0"  valueType="java.lang.Double">
                <parameterReference name="angleOfTurnK"  fullyQualifiedName="forager.behaviour.movement.sensoryRandomWalk.azimuthGenerator.vonMises.angleOfTurnK" />
            </parameterManipulation>
        </manipulationSequence>
        <manipulationSequence>
            <parameterManipulation name="moveLength"  valueToSet="5.0"  valueType="java.lang.Double">
                <parameterReference name="moveLength"  fullyQualifiedName="forager.behaviour.movement.sensoryRandomWalk.moveLengthGenerator.fixedMoveLength.moveLength" />
            </parameterManipulation>
        </manipulationSequence>
        <manipulationSequence>
            <multipleManipulation>
                <manipulations>
                    <parameterManipulation name="scale"  valueToSet="distance=2.0 : units=cm"  valueType="com.ixcode.framework.math.scale.ScaledDistance">
                        <parameterReference name="scale"  fullyQualifiedName="environment.landscape.scale" />
                    </parameterManipulation>
                    <parameterManipulation name="moveLength"  valueToSet="44.0"  valueType="java.lang.Double">
                        <parameterReference name="moveLength"  fullyQualifiedName="forager.behaviour.movement.sensoryRandomWalk.moveLengthGenerator.fixedMoveLength.moveLength" />
                    </parameterManipulation>
                    <strategyManipulation name="movement"  structureChanged="true">
                        <parameterReference name="movement"  fullyQualifiedName="forager.behaviour.movement" />
                        <strategy name="sensoryRandomWalk">
                            <implementingClass>com.ixcode.framework.simulation.model.agent.motile.movement.sensory.SensoryRandomWalkStrategy</implementingClass>
                            <strategyParameters>
                                <parameter name="azimuthGenerator"  containsStrategy="true">
                                    <strategy name="vonMises">
                                        <implementingClass>com.ixcode.framework.simulation.model.agent.motile.movement.VonMisesAzimuthGenerator</implementingClass>
                                        <strategyParameters>
                                            <parameter name="angleOfTurnK"  value="6.0"  type="java.lang.Double" />
                                            <parameter name="resolutionN"  value="360.0"  type="java.lang.Double" />
                                        </strategyParameters>
                                    </strategy>
                                </parameter>
                                <parameter name="moveLengthGenerator"  containsStrategy="true">
                                    <strategy name="fixedMoveLength">
                                        <implementingClass>com.ixcode.framework.simulation.model.agent.motile.movement.FixedMoveLengthGenerator</implementingClass>
                                        <strategyParameters>
                                            <parameter name="moveLength"  value="5.0"  type="java.lang.Double" />
                                        </strategyParameters>
                                    </strategy>
                                </parameter>
                                <parameter name="refactoryPeriod"  value="0"  type="java.lang.Integer" />
                            </strategyParameters>
                        </strategy>
                    </strategyManipulation>
                </manipulations>
            </multipleManipulation>
        </manipulationSequence>
        <manipulationSequence>
            <parameterManipulation name="moveLength"  valueToSet="33.0"  valueType="java.lang.Double">
                <parameterReference name="moveLength"  fullyQualifiedName="forager.behaviour.movement.sensoryRandomWalk.moveLengthGenerator.fixedMoveLength.moveLength" />
            </parameterManipulation>
            <parameterManipulation name="scale"  valueToSet="distance=4.0 : units=cm"  valueType="com.ixcode.framework.math.scale.ScaledDistance">
                <parameterReference name="scale"  fullyQualifiedName="environment.landscape.scale" />
            </parameterManipulation>
        </manipulationSequence>
    </parameterManipulations>
</experimentPlan>
